[2015-07-31 10:08:20,035][INFO] [CONFIG-READER] Archivo de configuración cargado correctamente.
[2015-07-31 10:08:20,131][ERROR] [ETHERNET] Bind failed. Cannot assign requested address
[2015-07-31 10:08:20,297][INFO] [BLUETOOTH] Listo para usarse.
[2015-07-31 10:08:23,387][INFO] [EMAIL] Listo para usarse.
[2015-07-31 10:09:21,826][WARNING] [EMAIL] Funcion 'receive' terminada.
[2015-07-31 10:10:24,887][INFO] [COMUNICADOR] El buffer de mensajes esta vacio.
[2015-07-31 10:11:17,733][INFO] [COMUNICADOR] El buffer de mensajes esta vacio.
[2015-07-31 10:14:35,767][INFO] [CHECKER] Funcion 'verifyConnections' terminada.
[2015-07-31 10:14:35,767][INFO] [CHECKER] Objeto destruido.
[2015-07-31 10:14:37,193][WARNING] [BLUETOOTH] Funcion 'receive' terminada.
[2015-07-31 10:14:40,774][INFO] [EMAIL] Objeto destruido.
[2015-07-31 10:14:40,774][INFO] [BLUETOOTH] Objeto destruido.
[2015-07-31 10:14:40,775][INFO] [ETHERNET] Objeto destruido.
[2015-07-31 10:14:40,775][INFO] [SMS] Objeto destruido.
[2015-07-31 10:14:47,822][INFO] [CONFIG-READER] Archivo de configuración cargado correctamente.
[2015-07-31 10:14:47,896][ERROR] [ETHERNET] Bind failed. Cannot assign requested address
[2015-07-31 10:14:47,916][INFO] [BLUETOOTH] Listo para usarse.
[2015-07-31 10:16:12,773][DEBUG] [BLUETOOTH] Conexion desde '00:24:7E:64:7B:4A' aceptada.
[2015-07-31 10:16:25,818][WARNING] [COMUNICADOR] No hay módulos para el envío de mensajes a 'client02'.
[2015-07-31 10:16:39,902][WARNING] [COMUNICADOR] No hay módulos para el envío de mensajes a 'client01'.
[2015-07-31 10:17:21,883][DEBUG] [BLUETOOTH] Conexion desde '00:24:7E:64:7B:4A' aceptada.
[2015-07-31 10:28:15,704][INFO] [EMAIL] Listo para usarse.
[2015-07-31 10:30:42,984][INFO] [CHECKER] Funcion 'verifyConnections' terminada.
[2015-07-31 10:30:42,985][INFO] [CHECKER] Objeto destruido.
[2015-07-31 10:30:42,985][INFO] [ETHERNET] Objeto destruido.
[2015-07-31 10:30:42,985][INFO] [SMS] Objeto destruido.
[2015-07-31 10:30:43,202][WARNING] [EMAIL] Funcion 'receive' terminada.
[2015-07-31 10:30:43,411][INFO] [EMAIL] Objeto destruido.
[2015-07-31 10:30:43,733][WARNING] [BLUETOOTH] Funcion 'receive' terminada.
[2015-07-31 10:30:43,733][INFO] [BLUETOOTH] Objeto destruido.
[2015-07-31 10:32:10,438][INFO] [CONFIG-READER] Archivo de configuración cargado correctamente.
[2015-07-31 10:32:10,511][ERROR] [ETHERNET] Bind failed. Cannot assign requested address
[2015-07-31 10:32:10,531][INFO] [BLUETOOTH] Listo para usarse.
[2015-07-31 10:32:13,579][INFO] [EMAIL] Listo para usarse.
[2015-07-31 10:45:46,678][INFO] [CONFIG-READER] Archivo de configuración cargado correctamente.
[2015-07-31 10:45:46,754][ERROR] [ETHERNET] Bind failed. Cannot assign requested address
[2015-07-31 10:45:46,775][INFO] [BLUETOOTH] Listo para usarse.
[2015-07-31 10:45:50,075][INFO] [EMAIL] Listo para usarse.
[2015-07-31 10:46:12,291][DEBUG] [BLUETOOTH] Buscando el servicio 'RFCOMM-Client01'.
[2015-07-31 10:46:12,968][DEBUG] [BLUETOOTH] Conectando con la direccion '00:24:7e:64:7b:4a'...
[2015-07-31 10:46:12,997][DEBUG] [BLUETOOTH] Conectado con el dispositivo Bluetooth.
[2015-07-31 10:46:12,998][INFO] [BLUETOOTH] Mensaje enviado a 'client01'.
[2015-07-31 10:46:34,368][WARNING] [EMAIL] Funcion 'receive' terminada.
[2015-07-31 10:46:39,470][INFO] [COMUNICADOR] El buffer de mensajes esta vacio.
[2015-07-31 10:47:09,110][DEBUG] [BLUETOOTH] Buscando el servicio 'RFCOMM-Client01'.
[2015-07-31 10:47:10,145][DEBUG] [BLUETOOTH] Conectando con la direccion '00:24:7e:64:7b:4a'...
[2015-07-31 10:47:10,177][DEBUG] [BLUETOOTH] Conectado con el dispositivo Bluetooth.
[2015-07-31 10:47:10,178][INFO] [BLUETOOTH] Mensaje enviado a 'client01'.
[2015-07-31 10:47:50,899][INFO] [COMUNICADOR] El buffer de mensajes esta vacio.
[2015-07-31 10:50:51,683][INFO] [CHECKER] Funcion 'verifyConnections' terminada.
[2015-07-31 10:50:51,684][INFO] [CHECKER] Objeto destruido.
[2015-07-31 10:50:53,097][WARNING] [BLUETOOTH] Funcion 'receive' terminada.
[2015-07-31 10:50:56,690][INFO] [EMAIL] Objeto destruido.
[2015-07-31 10:50:56,691][INFO] [BLUETOOTH] Objeto destruido.
[2015-07-31 10:50:56,692][INFO] [ETHERNET] Objeto destruido.
[2015-07-31 10:50:56,692][INFO] [SMS] Objeto destruido.
[2015-07-31 10:51:00,841][INFO] [CONFIG-READER] Archivo de configuración cargado correctamente.
[2015-07-31 10:51:00,906][ERROR] [ETHERNET] Bind failed. Cannot assign requested address
[2015-07-31 10:51:00,924][INFO] [BLUETOOTH] Listo para usarse.
[2015-07-31 10:53:04,492][INFO] [EMAIL] Listo para usarse.
[2015-07-31 11:12:57,104][WARNING] [EMAIL] Funcion 'receive' terminada.
[2015-07-31 11:13:05,094][INFO] [EMAIL] Listo para usarse.
[2015-07-31 11:22:58,068][WARNING] [EMAIL] Funcion 'receive' terminada.
[2015-07-31 11:23:12,167][INFO] [EMAIL] Listo para usarse.
[2015-07-31 11:24:53,135][WARNING] [EMAIL] Funcion 'receive' terminada.
[2015-07-31 11:25:00,812][INFO] [EMAIL] Listo para usarse.
[2015-07-31 11:32:06,124][DEBUG] [EMAIL] Ha(n) llegado 1 nuevo(s) mensaje(s) de correo electronico!
[2015-07-31 12:00:09,495][INFO] [EMAIL] Listo para usarse.
[2015-07-31 12:00:10,197][DEBUG] [EMAIL] Ha(n) llegado 2 nuevo(s) mensaje(s) de correo electronico!
[2015-07-31 12:01:00,447][INFO] [EMAIL] Listo para usarse.
[2015-07-31 12:01:01,848][DEBUG] [EMAIL] Ha(n) llegado 1 nuevo(s) mensaje(s) de correo electronico!
[2015-07-31 12:04:50,548][INFO] [EMAIL] Listo para usarse.
[2015-07-31 12:06:07,197][WARNING] [EMAIL] Funcion 'receive' terminada.
[2015-07-31 12:06:34,514][INFO] [EMAIL] Listo para usarse.
[2015-07-31 12:06:54,381][WARNING] [EMAIL] Funcion 'receive' terminada.
[2015-08-13 01:01:45,592][INFO] [CONFIG-READER] Archivo de configuración cargado correctamente.
[2015-08-13 01:01:45,656][ERROR] [ETHERNET] Bind failed. Cannot assign requested address
[2015-08-13 01:01:45,797][INFO] [BLUETOOTH] Listo para usarse.
[2015-08-13 01:01:52,065][INFO] [EMAIL] Listo para usarse.
[2015-08-13 01:02:13,303][WARNING] [COMUNICADOR] El contacto 'Client01' no se encuentra registrado.
[2015-08-13 01:02:35,886][WARNING] [COMUNICADOR] El contacto 'Client02' no se encuentra registrado.
[2015-08-13 01:02:55,039][INFO] [EMAIL] Mensaje enviado a 'client02'.
[2015-08-13 01:04:00,820][INFO] [CHECKER] Funcion 'verifyConnections' terminada.
[2015-08-13 01:04:00,821][INFO] [CHECKER] Objeto destruido.
[2015-08-13 01:04:00,821][INFO] [ETHERNET] Objeto destruido.
[2015-08-13 01:04:00,821][INFO] [SMS] Objeto destruido.
[2015-08-13 01:04:00,929][WARNING] [BLUETOOTH] Funcion 'receiveRFCOMM' terminada.
[2015-08-13 01:04:00,930][INFO] [BLUETOOTH] Objeto destruido.
[2015-08-13 01:04:01,487][WARNING] [EMAIL] Funcion 'receive' terminada.
[2015-08-13 01:04:01,770][INFO] [EMAIL] Objeto destruido.
[2015-08-13 01:04:06,357][INFO] [CONFIG-READER] Archivo de configuración cargado correctamente.
[2015-08-13 01:04:06,405][ERROR] [ETHERNET] Bind failed. Cannot assign requested address
[2015-08-13 01:04:06,421][INFO] [BLUETOOTH] Listo para usarse.
[2015-08-13 01:04:14,229][INFO] [EMAIL] Listo para usarse.
[2015-08-13 01:04:21,874][DEBUG] [BLUETOOTH] Buscando el servicio 'RFCOMM-Client02'.
[2015-08-13 01:04:21,875][DEBUG] [BLUETOOTH] No se pudo encontrar el servicio 'RFCOMM-Client02'.
[2015-08-13 01:04:21,875][WARNING] [BLUETOOTH] Envio fallido. Reintentando con otro periférico.
[2015-08-13 01:04:21,875][INFO] [ETHERNET] Mensaje enviado a 'client02'.
[2015-08-13 01:04:23,526][INFO] [EMAIL] Mensaje enviado a 'client02'.
[2015-08-13 01:12:29,285][WARNING] [EMAIL] Funcion 'receive' terminada.
[2015-08-13 01:12:46,693][INFO] [EMAIL] Listo para usarse.
[2015-08-13 01:14:45,690][WARNING] [EMAIL] Funcion 'receive' terminada.
[2015-08-13 01:14:53,997][INFO] [EMAIL] Listo para usarse.
[2015-08-13 01:15:01,518][WARNING] [EMAIL] Funcion 'receive' terminada.
[2015-08-13 01:15:47,225][INFO] [EMAIL] Listo para usarse.
[2015-08-13 01:15:54,317][WARNING] [EMAIL] Funcion 'receive' terminada.
[2015-08-13 01:16:30,622][INFO] [EMAIL] Listo para usarse.
[2015-08-13 01:21:49,957][WARNING] [EMAIL] Funcion 'receive' terminada.
[2015-08-13 01:22:06,065][INFO] [EMAIL] Listo para usarse.
[2015-08-13 01:23:13,428][WARNING] [EMAIL] Funcion 'receive' terminada.
[2015-08-13 01:23:31,616][INFO] [EMAIL] Listo para usarse.
[2015-08-13 08:23:09,838][INFO] [CONFIG-READER] Archivo de configuración cargado correctamente.
[2015-08-13 08:23:09,906][ERROR] [ETHERNET] Bind failed. Cannot assign requested address
[2015-08-13 08:23:10,054][INFO] [BLUETOOTH] Listo para usarse.
[2015-08-13 08:23:13,177][INFO] [EMAIL] Listo para usarse.
[2015-08-13 08:23:31,509][DEBUG] [BLUETOOTH] Buscando el servicio 'RFCOMM-Client02'.
[2015-08-13 08:23:31,510][DEBUG] [BLUETOOTH] No se pudo encontrar el servicio 'RFCOMM-Client02'.
[2015-08-13 08:23:31,510][WARNING] [BLUETOOTH] Envio fallido. Reintentando con otro periférico.
[2015-08-13 08:23:31,511][INFO] [ETHERNET] Mensaje enviado a 'client02'.
[2015-08-13 08:23:48,728][WARNING] [EMAIL] Funcion 'receive' terminada.
[2015-08-13 08:24:13,051][DEBUG] [BLUETOOTH] Buscando el servicio 'RFCOMM-Client02'.
[2015-08-13 08:24:13,052][DEBUG] [BLUETOOTH] No se pudo encontrar el servicio 'RFCOMM-Client02'.
[2015-08-13 08:24:13,052][WARNING] [BLUETOOTH] Envio fallido. Reintentando con otro periférico.
[2015-08-13 08:24:13,052][WARNING] [COMUNICADOR] No hay módulos para el envío de mensajes a 'client02'.
[2015-08-13 08:24:33,105][WARNING] [COMUNICADOR] El contacto 'ckeif' no se encuentra registrado.
[2015-08-13 08:24:36,593][INFO] [EMAIL] Listo para usarse.
[2015-08-13 08:25:16,916][INFO] [CHECKER] Funcion 'verifyConnections' terminada.
[2015-08-13 08:25:16,916][INFO] [CHECKER] Objeto destruido.
[2015-08-13 08:25:16,916][INFO] [ETHERNET] Objeto destruido.
[2015-08-13 08:25:16,917][INFO] [SMS] Objeto destruido.
[2015-08-13 08:25:16,970][WARNING] [EMAIL] Funcion 'receive' terminada.
[2015-08-13 08:25:17,207][INFO] [EMAIL] Objeto destruido.
[2015-08-13 08:25:17,702][WARNING] [BLUETOOTH] Funcion 'receiveRFCOMM' terminada.
[2015-08-13 08:25:17,703][INFO] [BLUETOOTH] Objeto destruido.
[2015-08-13 08:47:41,910][INFO] [CONFIG-READER] Archivo de configuración cargado correctamente.
[2015-08-13 08:47:41,956][ERROR] [LAN] Fallo de enlace. Cannot assign requested address
[2015-08-13 08:47:41,976][INFO] [BLUETOOTH] Listo para usarse.
[2015-08-13 08:47:45,092][INFO] [EMAIL] Listo para usarse.
[2015-08-13 08:47:57,713][DEBUG] [BLUETOOTH] Buscando el servicio 'RFCOMM-Client02'.
[2015-08-13 08:47:57,714][DEBUG] [BLUETOOTH] No se pudo encontrar el servicio 'RFCOMM-Client02'.
[2015-08-13 08:47:57,714][WARNING] [BLUETOOTH] Envio fallido. Reintentando con otro periférico.
[2015-08-13 08:47:57,714][INFO] [ETHERNET] Mensaje enviado a 'client02'.
[2015-08-13 08:48:04,893][INFO] [COMUNICADOR] El buffer de mensajes esta vacio.
[2015-08-13 08:48:10,289][INFO] [CHECKER] Funcion 'verifyConnections' terminada.
[2015-08-13 08:48:10,289][INFO] [CHECKER] Objeto destruido.
[2015-08-13 08:48:10,289][INFO] [SMS] Objeto destruido.
[2015-08-13 08:48:10,289][INFO] [LAN] Objeto destruido.
[2015-08-13 08:48:10,507][WARNING] [BLUETOOTH] Funcion 'receiveRFCOMM' terminada.
[2015-08-13 08:48:10,507][INFO] [BLUETOOTH] Objeto destruido.
[2015-08-13 08:48:10,720][WARNING] [EMAIL] Funcion 'receive' terminada.
[2015-08-13 08:48:10,978][INFO] [EMAIL] Objeto destruido.
[2015-08-13 08:49:19,621][INFO] [CONFIG-READER] Archivo de configuración cargado correctamente.
[2015-08-13 08:49:19,675][ERROR] [LAN] Fallo de enlace. Cannot assign requested address
[2015-08-13 08:49:19,699][INFO] [BLUETOOTH] Listo para usarse.
[2015-08-13 08:49:22,302][INFO] [EMAIL] Listo para usarse.
[2015-08-13 08:53:09,662][WARNING] [EMAIL] Funcion 'receive' terminada.
[2015-08-13 08:53:09,662][INFO] [CHECKER] Funcion 'verifyConnections' terminada.
[2015-08-13 08:53:09,662][WARNING] [BLUETOOTH] Funcion 'receiveRFCOMM' terminada.
[2015-08-13 08:53:09,663][INFO] [CHECKER] Objeto destruido.
[2015-08-13 08:53:09,663][INFO] [EMAIL] Objeto destruido.
[2015-08-13 08:53:10,183][INFO] [BLUETOOTH] Objeto destruido.
[2015-08-13 08:53:10,183][INFO] [SMS] Objeto destruido.
[2015-08-13 08:53:10,183][INFO] [LAN] Objeto destruido.
[2015-08-13 08:53:29,835][INFO] [CONFIG-READER] Archivo de configuración cargado correctamente.
[2015-08-13 08:53:29,908][ERROR] [LAN] Fallo de enlace. Cannot assign requested address
[2015-08-13 08:53:29,930][INFO] [BLUETOOTH] Listo para usarse.
[2015-08-13 08:53:37,805][INFO] [EMAIL] Listo para usarse.
[2015-08-13 08:54:48,269][INFO] [CHECKER] Funcion 'verifyConnections' terminada.
[2015-08-13 08:54:48,270][INFO] [CHECKER] Objeto destruido.
[2015-08-13 08:54:48,270][INFO] [SMS] Objeto destruido.
[2015-08-13 08:54:48,270][INFO] [LAN] Objeto destruido.
[2015-08-13 08:54:48,661][WARNING] [EMAIL] Funcion 'receive' terminada.
[2015-08-13 08:54:48,900][INFO] [EMAIL] Objeto destruido.
[2015-08-13 08:54:49,514][WARNING] [BLUETOOTH] Funcion 'receiveRFCOMM' terminada.
[2015-08-13 08:54:49,514][INFO] [BLUETOOTH] Objeto destruido.
[2015-08-13 08:54:56,793][INFO] [CONFIG-READER] Archivo de configuración cargado correctamente.
[2015-08-13 08:54:56,868][ERROR] [LAN] Fallo de enlace. Cannot assign requested address
[2015-08-13 08:54:56,889][INFO] [BLUETOOTH] Listo para usarse.
[2015-08-13 08:54:59,450][INFO] [EMAIL] Listo para usarse.
[2015-08-13 08:56:26,856][DEBUG] [EMAIL] Ha(n) llegado 1 nuevo(s) mensaje(s) de correo electronico!
[2015-08-13 08:56:27,451][DEBUG] [EMAIL] Procesando correo de Client02 Datalogger - client02.datalogger@gmail.com
[2015-08-13 08:58:10,869][INFO] [CHECKER] Funcion 'verifyConnections' terminada.
[2015-08-13 08:58:10,869][INFO] [CHECKER] Objeto destruido.
[2015-08-13 08:58:10,870][INFO] [SMS] Objeto destruido.
[2015-08-13 08:58:10,871][INFO] [LAN] Objeto destruido.
[2015-08-13 08:58:11,263][WARNING] [EMAIL] Funcion 'receive' terminada.
[2015-08-13 08:58:11,511][INFO] [EMAIL] Objeto destruido.
[2015-08-13 08:58:12,090][WARNING] [BLUETOOTH] Funcion 'receiveRFCOMM' terminada.
[2015-08-13 08:58:12,091][INFO] [BLUETOOTH] Objeto destruido.
[2015-08-13 08:58:24,496][INFO] [CONFIG-READER] Archivo de configuración cargado correctamente.
[2015-08-13 08:58:24,569][ERROR] [LAN] Fallo de enlace. Cannot assign requested address
[2015-08-13 08:58:24,593][INFO] [BLUETOOTH] Listo para usarse.
[2015-08-13 08:58:27,593][INFO] [EMAIL] Listo para usarse.
[2015-08-13 08:59:12,949][INFO] [CHECKER] Funcion 'verifyConnections' terminada.
[2015-08-13 08:59:12,950][INFO] [CHECKER] Objeto destruido.
[2015-08-13 08:59:12,950][INFO] [SMS] Objeto destruido.
[2015-08-13 08:59:12,951][INFO] [LAN] Objeto destruido.
[2015-08-13 08:59:13,221][WARNING] [EMAIL] Funcion 'receive' terminada.
[2015-08-13 08:59:13,460][INFO] [EMAIL] Objeto destruido.
[2015-08-13 08:59:14,147][WARNING] [BLUETOOTH] Funcion 'receiveRFCOMM' terminada.
[2015-08-13 08:59:14,148][INFO] [BLUETOOTH] Objeto destruido.
[2015-08-13 08:59:16,179][INFO] [CONFIG-READER] Archivo de configuración cargado correctamente.
[2015-08-13 08:59:16,272][INFO] [LAN] Listo para usarse.
[2015-08-13 08:59:16,278][INFO] [BLUETOOTH] Listo para usarse.
[2015-08-13 08:59:18,846][INFO] [EMAIL] Listo para usarse.
[2015-08-13 08:59:43,991][DEBUG] [BLUETOOTH] Buscando el servicio 'RFCOMM-Client02'.
[2015-08-13 08:59:43,991][DEBUG] [BLUETOOTH] No se pudo encontrar el servicio 'RFCOMM-Client02'.
[2015-08-13 08:59:43,991][WARNING] [BLUETOOTH] Envio fallido. Reintentando con otro periférico.
[2015-08-13 08:59:43,992][INFO] [LAN] Mensaje enviado a 'client02'.
[2015-08-13 08:59:48,998][INFO] [COMUNICADOR] El buffer de mensajes esta vacio.
[2015-08-13 08:59:59,110][INFO] [CHECKER] Funcion 'verifyConnections' terminada.
[2015-08-13 08:59:59,110][INFO] [CHECKER] Objeto destruido.
[2015-08-13 08:59:59,111][INFO] [SMS] Objeto destruido.
[2015-08-13 08:59:59,596][WARNING] [EMAIL] Funcion 'receive' terminada.
[2015-08-13 08:59:59,827][WARNING] [BLUETOOTH] Funcion 'receiveRFCOMM' terminada.
[2015-08-13 08:59:59,827][INFO] [BLUETOOTH] Objeto destruido.
[2015-08-13 08:59:59,832][INFO] [EMAIL] Objeto destruido.
[2015-08-13 09:00:00,315][WARNING] [LAN] Funcion 'receive' terminada.
[2015-08-13 09:00:00,316][INFO] [LAN] Objeto destruido.
